<?xml version="1.0" encoding="UTF-8"?>
<!-- Generated by org.testng.reporters.JUnitReportReporter -->
<testsuite skipped="1" hostname="DSHYD-086" name="testingxperts.web.tests.KC_TC_01" tests="1" failures="0" timestamp="12 Jul 2017 10:37:39 GMT" time="0.000" errors="0">
  <testcase name="test" time="0.000" classname="testingxperts.web.tests.KC_TC_01">
    <skipped/>
  </testcase> <!-- test -->
</testsuite> <!-- testingxperts.web.tests.KC_TC_01 -->
