<?xml version="1.0" encoding="UTF-8"?>
<!-- Generated by org.testng.reporters.JUnitReportReporter -->
<testsuite skipped="0" hostname="DSCHD-015" name="testingxperts.web.tests.IGP_TC_197" tests="1" failures="0" timestamp="15 Feb 2017 11:00:40 GMT" time="48.882" errors="0">
  <testcase name="test" time="48.882" classname="testingxperts.web.tests.IGP_TC_197"/>
</testsuite> <!-- testingxperts.web.tests.IGP_TC_197 -->
