<?xml version="1.0" encoding="UTF-8"?>
<!-- Generated by org.testng.reporters.JUnitReportReporter -->
<testsuite name="testingxperts.web.tests.KD_TC_09" tests="1" time="22.244" ignored="0" failures="0" timestamp="02 May 2017 06:40:31 GMT" skipped="0" hostname="cddmww741" errors="0">
  <testcase name="test" time="22.244" classname="testingxperts.web.tests.KD_TC_09"/>
</testsuite> <!-- testingxperts.web.tests.KD_TC_09 -->
