<?xml version="1.0" encoding="UTF-8"?>
<!-- Generated by org.testng.reporters.JUnitReportReporter -->
<testsuite skipped="0" hostname="DSHYD-084" name="testingxperts.web.tests.FLOW_TC_01" tests="1" failures="0" timestamp="25 Sep 2017 11:29:35 GMT" time="122.543" errors="0">
  <testcase name="test" time="122.543" classname="testingxperts.web.tests.FLOW_TC_01"/>
</testsuite> <!-- testingxperts.web.tests.FLOW_TC_01 -->
