<?xml version="1.0" encoding="UTF-8"?>
<!-- Generated by org.testng.reporters.JUnitReportReporter -->
<testsuite skipped="0" hostname="DSHYD-086" name="suite.runner.CustomSuiteRunner" tests="1" failures="0" timestamp="12 Jul 2017 12:59:16 GMT" time="39.693" errors="0">
  <testcase name="suiteRunner" time="39.693" classname="suite.runner.CustomSuiteRunner"/>
</testsuite> <!-- suite.runner.CustomSuiteRunner -->
