<?xml version="1.0" encoding="UTF-8"?>
<!-- Generated by org.testng.reporters.JUnitReportReporter -->
<testsuite name="testingxperts.web.tests.KD_TC_02" tests="3" time="134.905" ignored="0" failures="0" timestamp="04 May 2017 10:30:11 GMT" skipped="0" hostname="cddmww741" errors="0">
  <testcase name="test" time="41.098" classname="testingxperts.web.tests.KD_TC_02"/>
  <testcase name="test" time="51.674" classname="testingxperts.web.tests.KD_TC_02"/>
  <testcase name="test" time="42.133" classname="testingxperts.web.tests.KD_TC_02"/>
</testsuite> <!-- testingxperts.web.tests.KD_TC_02 -->
