<?xml version="1.0" encoding="UTF-8"?>
<!-- Generated by org.testng.reporters.JUnitReportReporter -->
<testsuite name="testingxperts.web.tests.KD_TC_07" tests="2" time="142.254" ignored="0" failures="0" timestamp="01 May 2017 14:25:52 GMT" skipped="0" hostname="cddmww741" errors="0">
  <testcase name="test" time="68.361" classname="testingxperts.web.tests.KD_TC_07"/>
  <testcase name="test" time="73.893" classname="testingxperts.web.tests.KD_TC_07"/>
</testsuite> <!-- testingxperts.web.tests.KD_TC_07 -->
