<?xml version="1.0" encoding="UTF-8"?>
<!-- Generated by org.testng.reporters.JUnitReportReporter -->
<testsuite name="testingxperts.web.tests.IGP_TC_201" tests="1" time="63.255" ignored="0" failures="0" timestamp="15 Feb 2017 11:05:48 GMT" skipped="0" hostname="DSCHD-015" errors="0">
  <testcase name="test" time="63.255" classname="testingxperts.web.tests.IGP_TC_201"/>
</testsuite> <!-- testingxperts.web.tests.IGP_TC_201 -->
