<?xml version="1.0" encoding="UTF-8"?>
<!-- Generated by org.testng.reporters.JUnitReportReporter -->
<testsuite name="testingxperts.web.tests.SE_TC_01" tests="1" time="152.375" ignored="0" failures="0" timestamp="06 Mar 2017 09:25:24 GMT" skipped="0" hostname="cddmww741" errors="0">
  <testcase name="test" time="152.375" classname="testingxperts.web.tests.SE_TC_01"/>
</testsuite> <!-- testingxperts.web.tests.SE_TC_01 -->
