<?xml version="1.0" encoding="UTF-8"?>
<!-- Generated by org.testng.reporters.JUnitReportReporter -->
<testsuite name="testingxperts.web.tests.KD_TC_test1" tests="3" time="475.489" ignored="0" failures="0" timestamp="10 Mar 2017 10:48:56 GMT" skipped="0" hostname="cddmww741" errors="0">
  <testcase name="test" time="154.720" classname="testingxperts.web.tests.KD_TC_test1"/>
  <testcase name="test" time="166.419" classname="testingxperts.web.tests.KD_TC_test1"/>
  <testcase name="test" time="154.350" classname="testingxperts.web.tests.KD_TC_test1"/>
</testsuite> <!-- testingxperts.web.tests.KD_TC_test1 -->
