<?xml version="1.0" encoding="UTF-8"?>
<!-- Generated by org.testng.reporters.JUnitReportReporter -->
<testsuite skipped="0" hostname="DSHYD-084" name="suite.runner.CustomSuiteRunner" tests="1" failures="0" timestamp="25 Sep 2017 11:56:00 GMT" time="16.236" errors="0">
  <testcase name="suiteRunner" time="16.236" classname="suite.runner.CustomSuiteRunner"/>
</testsuite> <!-- suite.runner.CustomSuiteRunner -->
