<?xml version="1.0" encoding="UTF-8"?>
<!-- Generated by org.testng.reporters.JUnitReportReporter -->
<testsuite name="testingxperts.web.tests.KD_TC_12" tests="1" time="52.816" ignored="0" failures="0" timestamp="04 May 2017 11:46:04 GMT" skipped="0" hostname="cddmww741" errors="0">
  <testcase name="test" time="52.816" classname="testingxperts.web.tests.KD_TC_12"/>
</testsuite> <!-- testingxperts.web.tests.KD_TC_12 -->
