<?xml version="1.0" encoding="UTF-8"?>
<!-- Generated by org.testng.reporters.JUnitReportReporter -->
<testsuite name="testingxperts.web.tests.KD_TC_03" tests="1" time="77.429" ignored="0" failures="0" timestamp="26 Apr 2017 14:38:37 GMT" skipped="0" hostname="cddmww741" errors="0">
  <testcase name="test" time="77.429" classname="testingxperts.web.tests.KD_TC_03"/>
</testsuite> <!-- testingxperts.web.tests.KD_TC_03 -->
