<?xml version="1.0" encoding="UTF-8"?>
<!-- Generated by org.testng.reporters.JUnitReportReporter -->
<testsuite name="testingxperts.web.tests.KD_TC_10" tests="1" time="85.571" ignored="0" failures="0" timestamp="13 Apr 2017 11:41:48 GMT" skipped="0" hostname="cddmww741" errors="0">
  <testcase name="test" time="85.571" classname="testingxperts.web.tests.KD_TC_10"/>
</testsuite> <!-- testingxperts.web.tests.KD_TC_10 -->
