<?xml version="1.0" encoding="UTF-8"?>
<!-- Generated by org.testng.reporters.JUnitReportReporter -->
<testsuite name="testingxperts.web.tests.KD_TC_test" tests="3" time="265.448" ignored="0" failures="0" timestamp="10 Mar 2017 08:06:53 GMT" skipped="0" hostname="cddmww741" errors="0">
  <testcase name="test" time="87.744" classname="testingxperts.web.tests.KD_TC_test"/>
  <testcase name="test" time="88.654" classname="testingxperts.web.tests.KD_TC_test"/>
  <testcase name="test" time="89.050" classname="testingxperts.web.tests.KD_TC_test"/>
</testsuite> <!-- testingxperts.web.tests.KD_TC_test -->
